     1,   19921125132100.,    7.18,  118.60,   28.86,  0.02898,  0.00009,    0.00,    0.29,    0.00,   19.00,    1.05,    0.78
     2,   19921125141200.,    8.64,  115.24,   29.16,  0.02254,  0.00009,    0.00,    0.32,    0.33,    0.35,    1.16,    0.80
     3,   19921125150300.,    9.81,  123.52,   29.38,  0.02486,  0.00010,    0.00,    0.34,    0.57,    0.67,    1.11,    0.82
     4,   19921125155500.,   11.74,  140.46,   29.54,  0.02986,  0.00011,    0.00,    0.37,    0.76,    1.01,    1.02,    0.87
     5,   19921125164600.,   11.86,  129.72,   29.72,  0.01916,  0.00011,    0.00,    0.41,    0.97,    1.33,    1.21,    0.86
     6,   19921125173800.,   20.59,  167.66,   29.99,  0.03640,  0.00015,    0.00,    0.38,    1.22,    1.64,    0.94,    0.99
     7,   19921125182900.,   12.92,  104.24,   30.24,  0.00981,  0.00010,    0.00,    0.42,    1.50,    1.94,    1.49,    0.85
     8,   19921125192000.,   17.73,  155.07,   30.69,  0.02081,  0.00014,    0.00,    0.44,    1.97,    2.16,    1.16,    0.95
     9,   19921125201200.,    5.10,  118.71,   28.86,  0.02982,  0.00008,    0.00,    0.28,    0.00,    2.16,    1.04,    0.74
    10,   19921125210500.,    5.60,   92.07,   28.86,  0.01990,  0.00007,    0.00,    0.27,    0.00,    2.16,    1.23,    0.72
    11,   19921125221900.,    5.60,  115.49,   28.85,  0.02750,  0.00008,    0.00,    0.29,    0.00,    2.16,    1.07,    0.75
    12,   19921125232700.,    5.50,  118.59,   28.88,  0.03499,  0.00008,    0.00,    0.26,    0.00,    2.16,    0.97,    0.75
    13,   19921126001900.,    4.61,  104.61,   28.94,  0.02493,  0.00007,    0.00,    0.26,    0.00,    2.16,    1.13,    0.71
    14,   19921126011000.,    4.85,   92.15,   29.03,  0.02071,  0.00007,    0.00,    0.24,    0.00,    2.16,    1.22,    0.70
    15,   19921126022200.,    2.48,  114.26,   29.00,  0.02922,  0.00007,    0.00,    0.26,    0.00,    2.16,    1.05,    0.69
    16,   19921126031300.,    4.21,  116.00,   29.14,  0.02958,  0.00008,    0.00,    0.28,    0.00,    2.16,    1.04,    0.72
    17,   19921126041600.,    4.36,  106.72,   29.31,  0.02382,  0.00007,    0.00,    0.28,    0.00,    2.16,    1.14,    0.71
    18,   19921126050700.,    3.77,   99.43,   29.32,  0.02468,  0.00007,    0.00,    0.27,    0.00,    2.16,    1.13,    0.69
    19,   19921126055900.,    3.70,   98.36,   29.21,  0.02466,  0.00007,    0.00,    0.29,    0.00,    2.16,    1.12,    0.69
    20,   19921126065500.,    2.46,  103.12,   29.04,  0.02143,  0.00006,    0.00,    0.33,    0.00,    2.16,    1.18,    0.67
    21,   19921126074700.,    2.29,  103.41,   29.03,  0.01949,  0.00006,    0.00,    0.34,    0.00,    2.16,    1.22,    0.67
    22,   19921126083800.,    1.82,   85.19,   29.00,  0.01336,  0.00005,    0.00,    0.35,    0.00,    2.16,    1.40,    0.62
    23,   19921126093000.,    1.26,   63.87,   29.07,  0.00685,  0.00004,    0.00,    0.32,    0.00,    2.16,    1.72,    0.56
    24,   19921126102100.,    1.61,   59.04,   29.10,  0.00541,  0.00004,    0.00,    0.35,    0.00,    2.16,    1.78,    0.56
    25,   19921126111200.,    1.97,   59.56,   29.09,  0.00546,  0.00004,    0.00,    0.33,    0.00,    2.16,    1.80,    0.57
    26,   19921126120800.,    2.30,   71.19,   29.08,  0.00868,  0.00005,    0.00,    0.34,    0.00,    2.16,    1.60,    0.61
    27,   19921126130000.,    2.73,   78.53,   29.00,  0.01199,  0.00005,    0.00,    0.35,    0.00,    2.16,    1.45,    0.63
    28,   19921126145300.,   14.83,  114.60,   30.95,  0.01128,  0.00011,    0.00,    0.47,    2.01,    2.22,    1.41,    0.88
    29,   19921126154500.,   16.19,  123.41,   30.89,  0.01358,  0.00012,    0.00,    0.47,    2.06,    2.34,    1.33,    0.91
    30,   19921126163600.,   16.97,  129.45,   30.95,  0.01444,  0.00012,    0.00,    0.47,    2.14,    2.49,    1.31,    0.92
    31,   19921126172700.,   14.54,  115.97,   31.02,  0.00995,  0.00011,    0.00,    0.48,    2.24,    2.67,    1.45,    0.88
    32,   19921126181900.,   12.68,  100.89,   31.09,  0.00637,  0.00009,    0.00,    0.50,    2.33,    2.88,    1.59,    0.84
    33,   19921126191000.,   10.89,   81.28,   31.30,  0.00286,  0.00008,    0.00,    0.49,    2.52,    3.08,    1.78,    0.79
    34,   19921126200100.,    1.85,   34.43,   28.96,  0.00146,  0.00002,    0.00,    0.31,    0.00,    3.08,    2.15,    0.51
    35,   19921126213400.,    1.73,   34.45,   29.04,  0.00122,  0.00002,    0.00,    0.25,    0.00,    3.08,    2.30,    0.50
    36,   19921126222600.,    6.92,   65.05,   29.11,  0.00691,  0.00006,    0.00,    0.27,    0.00,    3.08,    1.75,    0.70
    37,   19921126231700.,   39.80,  180.56,   29.05,  0.09219,  0.00021,   21.13,    0.26,    0.00,    3.08,    0.62,    1.16
    38,   19921127000900.,   29.30,  167.16,   29.04,  0.06222,  0.00018,    0.00,    0.29,    0.00,    3.08,    0.74,    1.07
    39,   19921127010000.,   19.02,  154.74,   29.03,  0.04653,  0.00014,    0.00,    0.30,    0.00,    3.08,    0.85,    0.96
    40,   19921127015100.,   14.99,  132.48,   29.03,  0.03152,  0.00012,    0.00,    0.30,    0.00,    3.08,    1.01,    0.90
    41,   19921127024300.,   13.70,  126.84,   29.05,  0.02768,  0.00011,    0.00,    0.31,    0.00,    3.08,    1.06,    0.88
    42,   19921127033400.,   16.14,  130.44,   28.97,  0.03692,  0.00012,    0.00,    0.28,    0.00,    3.08,    0.94,    0.91
    43,   19921127042500.,   36.00,  159.61,   28.96,  0.06906,  0.00019,   40.87,    0.27,    0.00,    3.08,    0.71,    1.12
    44,   19921127051700.,   33.04,  154.15,   28.92,  0.04687,  0.00018,    7.57,    0.31,    0.00,    3.08,    0.84,    1.09
    45,   19921127060800.,   57.13,  233.05,   28.97,  0.15338,  0.00029,    7.16,    0.27,    0.00,    3.08,    0.48,    1.29
    46,   19921127070000.,   31.72,  142.24,   28.89,  0.03905,  0.00017,    0.00,    0.33,    0.00,    3.08,    0.91,    1.07
    47,   19921127075100.,   18.80,  132.48,   28.85,  0.02611,  0.00013,    0.00,    0.37,    0.00,    3.08,    1.08,    0.94
    48,   19921127084200.,   12.26,  124.33,   28.77,  0.01922,  0.00010,    0.00,    0.39,    0.00,    3.08,    1.21,    0.86
    49,   19921127093400.,    8.02,  113.73,   28.75,  0.01523,  0.00009,    0.00,    0.40,    0.00,    3.08,    1.32,    0.78
    50,   19921127102500.,    7.08,  125.50,   28.76,  0.02049,  0.00009,    0.00,    0.38,    0.00,    3.08,    1.19,    0.78
    51,   19921127113200.,    8.76,  137.13,   28.81,  0.03321,  0.00010,    0.00,    0.33,    0.00,    3.08,    0.98,    0.82
    52,   19921127122600.,    9.08,  145.98,   28.82,  0.04636,  0.00011,    0.00,    0.30,    0.00,    3.08,    0.85,    0.84
    53,   19921127134800.,   28.49,  192.30,   31.15,  0.03468,  0.00019,    0.00,    0.47,    2.52,    3.09,    0.95,    1.08
    54,   19921127143900.,   28.88,  198.11,   31.17,  0.03888,  0.00019,    0.00,    0.46,    2.53,    3.14,    0.90,    1.09
    55,   19921127160400.,   29.51,  218.95,   31.25,  0.04202,  0.00021,    0.00,    0.47,    2.59,    3.23,    0.87,    1.10
    56,   19921127170000.,   26.33,  193.71,   31.31,  0.02824,  0.00018,    0.00,    0.49,    2.67,    3.35,    1.02,    1.06
    57,   19921127175200.,   24.36,  178.22,   31.36,  0.02149,  0.00017,    0.00,    0.52,    2.75,    3.50,    1.13,    1.03
    58,   19921127184300.,   21.51,  157.73,   31.41,  0.01489,  0.00015,    0.00,    0.55,    2.84,    3.68,    1.27,    0.99
    59,   19921127193500.,   21.24,  157.04,   31.71,  0.01330,  0.00015,    0.00,    0.55,    3.14,    3.80,    1.31,    0.99
    60,   19921127202600.,    2.92,   62.32,   28.80,  0.00653,  0.00004,    0.00,    0.32,    0.00,    3.80,    1.74,    0.61
    61,   19921127211700.,    3.19,   59.15,   28.81,  0.00557,  0.00004,    0.00,    0.31,    0.00,    3.80,    1.81,    0.61
    62,   19921127220900.,    3.37,   55.18,   28.85,  0.00426,  0.00004,    0.00,    0.28,    0.00,    3.80,    1.94,    0.60
    63,   19921127230000.,    4.37,   51.69,   28.91,  0.00353,  0.00004,    0.00,    0.23,    0.00,    3.80,    2.08,    0.62
    64,   19921127235200.,    3.95,   46.71,   28.95,  0.00245,  0.00004,    0.00,    0.21,    0.00,    3.80,    2.23,    0.60
    65,   19921128004300.,    3.94,   46.62,   28.94,  0.00245,  0.00004,    0.00,    0.20,    0.00,    3.80,    2.26,    0.60
    66,   19921128022100.,    3.60,   53.02,   28.95,  0.00386,  0.00004,    0.00,    0.22,    0.00,    3.80,    2.07,    0.61
    67,   19921128042600.,    1.28,   45.33,   29.02,  0.00259,  0.00003,    0.00,    0.25,    0.00,    3.80,    2.16,    0.52
    68,   19921128043600.,    0.92,   50.75,   29.18,  0.00292,  0.00003,    0.00,    0.29,    0.00,    3.80,    2.04,    0.52
    69,   19921128052800.,   -0.21,   34.79,   28.94,  0.00131,  0.00002,    0.00,    0.29,    0.00,    3.80,    2.21,    0.41
    70,   19921128061900.,    0.15,   32.55,   29.13,  0.00090,  0.00002,    0.00,    0.31,    0.00,    3.80,    2.19,    0.42
    71,   19921128075200.,    0.24,   41.89,   28.94,  0.00249,  0.00002,    0.00,    0.33,    0.00,    3.80,    2.03,    0.46
    72,   19921128084300.,    0.31,   38.40,   28.98,  0.00189,  0.00002,    0.00,    0.32,    0.00,    3.80,    2.09,    0.45
    73,   19921128093500.,    1.82,   68.15,   28.96,  0.00918,  0.00004,    0.00,    0.34,    0.00,    3.80,    1.58,    0.59
    74,   19921128102600.,    1.24,   60.00,   29.01,  0.00495,  0.00004,    0.00,    0.34,    0.00,    3.80,    1.82,    0.55
    75,   19921128111800.,    0.39,   41.35,   28.91,  0.00192,  0.00002,    0.00,    0.33,    0.00,    3.80,    2.08,    0.47
    76,   19921128120900.,    3.90,   67.00,   28.97,  0.01069,  0.00005,    0.00,    0.33,    0.00,    3.80,    1.51,    0.64
    77,   19921128130100.,    4.31,   64.43,   29.20,  0.00719,  0.00005,    0.00,    0.36,    0.00,    3.80,    1.66,    0.64
    78,   19921128135200.,   16.16,  115.57,   32.15,  0.00512,  0.00011,    0.00,    0.57,    3.16,    3.78,    1.59,    0.90
    79,   19921128144400.,   14.02,  104.12,   31.91,  0.00415,  0.00010,    0.00,    0.55,    3.17,    3.83,    1.66,    0.86
    80,   19921128153500.,   16.30,  123.47,   31.89,  0.00660,  0.00012,    0.00,    0.57,    3.19,    3.90,    1.54,    0.91
    81,   19921128162600.,   18.46,  136.79,   31.91,  0.00840,  0.00013,    0.00,    0.58,    3.23,    3.99,    1.46,    0.94
    82,   19921128171800.,   18.81,  136.01,   31.89,  0.00901,  0.00013,    0.00,    0.57,    3.27,    4.11,    1.44,    0.95
    83,   19921128180900.,   16.94,  122.27,   31.91,  0.00663,  0.00012,    0.00,    0.56,    3.34,    4.25,    1.54,    0.91
    84,   19921128190100.,   19.67,  142.43,   32.04,  0.00907,  0.00014,    0.00,    0.58,    3.44,    4.39,    1.43,    0.96
    85,   19921128195200.,    2.28,   62.67,   28.82,  0.00697,  0.00004,    0.00,    0.35,    0.00,    4.39,    1.69,    0.59
    86,   19921128204400.,    1.91,   54.80,   28.83,  0.00414,  0.00004,    0.00,    0.34,    0.00,    4.39,    1.89,    0.56
    87,   19921128213500.,    3.20,   65.34,   29.11,  0.00561,  0.00005,    0.00,    0.29,    0.00,    4.39,    1.82,    0.62
    88,   19921128222600.,    5.97,   49.36,   29.28,  0.00290,  0.00004,    0.00,    0.24,    0.00,    4.39,    2.11,    0.66
    89,   19921128231800.,    5.47,   46.56,   29.31,  0.00253,  0.00004,    0.00,    0.21,    0.00,    4.39,    2.21,    0.64
    90,   19921129000900.,    4.91,   38.05,   29.40,  0.00090,  0.00004,    0.00,    0.18,    0.00,    4.39,    2.50,    0.61
    91,   19921129010100.,    6.08,   76.63,   29.24,  0.00973,  0.00006,    0.00,    0.25,    0.00,    4.39,    1.60,    0.70
    92,   19921129015200.,    5.93,   77.56,   29.14,  0.00911,  0.00006,    0.00,    0.27,    0.00,    4.39,    1.62,    0.70
    93,   19921129024400.,    2.83,   57.84,   29.17,  0.00464,  0.00004,    0.00,    0.24,    0.00,    4.39,    1.96,    0.59
    94,   19921129033500.,    1.74,   65.98,   29.10,  0.00641,  0.00004,    0.00,    0.27,    0.00,    4.39,    1.79,    0.58
    95,   19921129042600.,   -0.01,   67.69,   28.94,  0.00774,  0.00004,    0.00,    0.29,    0.00,    4.39,    1.70,    0.53
    96,   19921129051800.,    0.03,   60.06,   28.96,  0.00615,  0.00003,    0.00,    0.27,    0.00,    4.39,    1.81,    0.51
    97,   19921129060900.,    2.70,   51.91,   29.06,  0.00420,  0.00004,    0.00,    0.26,    0.00,    4.39,    1.98,    0.58
    98,   19921129070100.,   14.13,  104.09,   28.96,  0.01925,  0.00010,   27.40,    0.30,    0.00,    4.39,    1.23,    0.86
    99,   19921129075200.,   15.49,   86.57,   29.10,  0.00756,  0.00009,   32.84,    0.36,    0.00,    4.39,    1.62,    0.86
   100,   19921129091700.,    6.45,   78.27,   28.95,  0.00748,  0.00006,    0.00,    0.39,    0.00,    4.39,    1.62,    0.71
   101,   19921129100800.,    4.26,   91.24,   28.99,  0.01699,  0.00006,    0.00,    0.34,    0.00,    4.39,    1.29,    0.69
   102,   19921129110000.,    2.84,   76.36,   28.90,  0.01342,  0.00005,    0.00,    0.33,    0.00,    4.39,    1.41,    0.63
   103,   19921129115500.,    2.32,   64.65,   28.89,  0.00862,  0.00004,    0.00,    0.34,    0.00,    4.39,    1.61,    0.59
   104,   19921129124700.,    2.60,   65.90,   28.84,  0.00926,  0.00004,    0.00,    0.34,    0.00,    4.39,    1.57,    0.61
   105,   19921129133800.,   19.86,  135.77,   32.26,  0.00787,  0.00013,    0.00,    0.59,    3.45,    4.38,    1.47,    0.96
   106,   19921129142900.,   19.91,  135.97,   32.27,  0.00788,  0.00013,    0.00,    0.59,    3.46,    4.41,    1.47,    0.96
   107,   19921129153100.,   23.07,  154.04,   32.52,  0.00988,  0.00015,    0.00,    0.61,    3.49,    4.45,    1.39,    1.00
   108,   19921129163800.,   26.51,  180.13,   32.50,  0.01445,  0.00018,    0.00,    0.61,    3.54,    4.54,    1.26,    1.05
   109,   19921129173000.,   29.55,  193.12,   32.50,  0.01807,  0.00019,    0.00,    0.59,    3.60,    4.64,    1.18,    1.09
   110,   19921129182100.,   27.13,  184.24,   32.51,  0.01531,  0.00018,    0.00,    0.59,    3.68,    4.76,    1.24,    1.06
   111,   19921129191300.,   27.03,  181.16,   32.66,  0.01370,  0.00018,    0.00,    0.61,    3.85,    4.87,    1.28,    1.06
   112,   19921129200400.,    5.83,   86.28,   29.03,  0.01393,  0.00006,    0.00,    0.32,    0.00,    4.87,    1.39,    0.71
   113,   19921129205500.,    3.78,   80.80,   29.02,  0.01146,  0.00006,    0.00,    0.33,    0.00,    4.87,    1.48,    0.66
   114,   19921129214700.,    3.85,   71.63,   29.04,  0.00828,  0.00005,    0.00,    0.31,    0.00,    4.87,    1.64,    0.65
   115,   19921129223800.,    4.50,   73.00,   29.08,  0.00835,  0.00005,    0.00,    0.29,    0.00,    4.87,    1.65,    0.66
   116,   19921129233000.,    4.80,   73.87,   29.04,  0.00839,  0.00005,    0.00,    0.27,    0.00,    4.87,    1.66,    0.67
